[2025-12-04 10:25:48] [INFO]: Server running on http://localhost:3000
[2025-12-04 10:25:48] [INFO]: Contents of note.txt:
10
20
30
40
50
60
70
80
90
100
[2025-12-04 10:26:12] [INFO]: [2025-12-04T04:56:12.460Z] GET / 200 6.061 ms
[2025-12-04 10:26:12] [INFO]: [2025-12-04T04:56:12.595Z] GET /favicon.ico 404 0.930 ms
[2025-12-04 10:26:53] [INFO]: Server running on http://localhost:3000
[2025-12-04 10:26:53] [INFO]: Contents of note.txt:
10
20
30
40
50
60
70
80
90
100
[2025-12-04 10:28:28] [INFO]: Server running on http://localhost:3000
[2025-12-04 10:28:28] [INFO]: Contents of note.txt:
10
20
30
40
50
60
70
80
90
100
[2025-12-04 10:34:13] [INFO]: Server running on http://localhost:3000
[2025-12-04 10:34:13] [INFO]: Contents of note.txt:
10
20
30
40
50
60
70
80
90
100
[2025-12-04 10:35:57] [INFO]: Server running on http://localhost:3000
[2025-12-04 10:35:57] [INFO]: Contents of note.txt:
10
20
30
40
50
60
70
80
90
100
